
R version 3.4.1 (2017-06-30) -- "Single Candle"
Copyright (C) 2017 The R Foundation for Statistical Computing
Platform: x86_64-pc-linux-gnu (64-bit)

R is free software and comes with ABSOLUTELY NO WARRANTY.
You are welcome to redistribute it under certain conditions.
Type 'license()' or 'licence()' for distribution details.

  Natural language support but running in an English locale

R is a collaborative project with many contributors.
Type 'contributors()' for more information and
'citation()' on how to cite R or R packages in publications.

Type 'demo()' for some demos, 'help()' for on-line help, or
'help.start()' for an HTML browser interface to help.
Type 'q()' to quit R.

[Previously saved workspace restored]

> 
> importedData<-read.delim("data.csv")
> 
> 
> importedData
    i  y_i x_i
1   1 1000  24
2   2 1010  24
3   3  920  17
4   4  840  19
5   5  830  19
6   6 1440  32
7   7  490   7
8   8 1050  23
9   9  870  18
10 10  970  21
11 11  920  22
12 12  810  19
13 13 1080  23
14 14 1000  19
15 15 1030  25
16 16  870  21
17 17  880  21
18 18  850  22
19 19  780  22
20 20  830  20
21 21 1190  30
22 22  800  16
23 23  830  16
24 24  890  23
25 25  880  24
26 26  980  27
27 27 1030  23
28 28 1220  30
29 29 1080  22
30 30  970  20
31 31 1090  25
32 32  860  19
33 33  740  16
34 34  500  10
35 35  780  12
36 36 1120  27
37 37  590  12
38 38  990  24
39 39  700  16
40 40  930  22
41 41  860  23
42 42  420  21
43 43  800  20
44 44 1140  24
45 45  920  21
46 46  800  21
47 47 1040  24
48 48  840  17
49 49 1060  25
50 50  870  21
51 51 1120  25
52 52  800  18
53 53  960  27
54 54  880  21
55 55 1020  24
56 56  790  14
57 57  620  18
58 58 1150  28
59 59  970  20
60 60 1060  24
> 
> 
> proc.time()
   user  system elapsed 
  0.108   0.000   0.128 
