
R version 3.4.1 (2017-06-30) -- "Single Candle"
Copyright (C) 2017 The R Foundation for Statistical Computing
Platform: x86_64-pc-linux-gnu (64-bit)

R is free software and comes with ABSOLUTELY NO WARRANTY.
You are welcome to redistribute it under certain conditions.
Type 'license()' or 'licence()' for distribution details.

  Natural language support but running in an English locale

R is a collaborative project with many contributors.
Type 'contributors()' for more information and
'citation()' on how to cite R or R packages in publications.

Type 'demo()' for some demos, 'help()' for on-line help, or
'help.start()' for an HTML browser interface to help.
Type 'q()' to quit R.

[Previously saved workspace restored]

> getYInCurve <- function(x) {
+     # print(x)
+     r1 <- 0.375-x
+     r2 <- 0.375-(1-r1)*x
+     r3 <- 0.375-(1-r1-r2)*x
+     r4 <- 0.375-(1-r1-r2-r3)*x
+     y <- r1+r2+r3+r4-1
+     y
+ }
> 
> getYInCurve(0.11)
[1] 0.2480787
> 
> xa <- seq(f=0.05,t=0.20,b=0.0005)
> 
> ya <- lapply(xa, getYInCurve)
> 
> matrix(c(xa, ya), nc=2)
       [,1]   [,2]        
  [1,] 0.05   0.4007906   
  [2,] 0.0505 0.3996755   
  [3,] 0.051  0.3985579   
  [4,] 0.0515 0.3974377   
  [5,] 0.052  0.396315    
  [6,] 0.0525 0.3951897   
  [7,] 0.053  0.3940619   
  [8,] 0.0535 0.3929316   
  [9,] 0.054  0.3917987   
 [10,] 0.0545 0.3906632   
 [11,] 0.055  0.3895252   
 [12,] 0.0555 0.3883847   
 [13,] 0.056  0.3872416   
 [14,] 0.0565 0.3860959   
 [15,] 0.057  0.3849476   
 [16,] 0.0575 0.3837968   
 [17,] 0.058  0.3826434   
 [18,] 0.0585 0.3814874   
 [19,] 0.059  0.3803289   
 [20,] 0.0595 0.3791678   
 [21,] 0.06   0.378004    
 [22,] 0.0605 0.3768377   
 [23,] 0.061  0.3756688   
 [24,] 0.0615 0.3744974   
 [25,] 0.062  0.3733233   
 [26,] 0.0625 0.3721466   
 [27,] 0.063  0.3709673   
 [28,] 0.0635 0.3697854   
 [29,] 0.064  0.368601    
 [30,] 0.0645 0.3674138   
 [31,] 0.065  0.3662241   
 [32,] 0.0655 0.3650318   
 [33,] 0.066  0.3638369   
 [34,] 0.0665 0.3626393   
 [35,] 0.067  0.3614391   
 [36,] 0.0675 0.3602363   
 [37,] 0.068  0.3590308   
 [38,] 0.0685 0.3578227   
 [39,] 0.069  0.356612    
 [40,] 0.0695 0.3553986   
 [41,] 0.07   0.3541826   
 [42,] 0.0705 0.352964    
 [43,] 0.071  0.3517427   
 [44,] 0.0715 0.3505187   
 [45,] 0.072  0.3492921   
 [46,] 0.0725 0.3480628   
 [47,] 0.073  0.3468309   
 [48,] 0.0735 0.3455963   
 [49,] 0.074  0.3443591   
 [50,] 0.0745 0.3431192   
 [51,] 0.075  0.3418766   
 [52,] 0.0755 0.3406313   
 [53,] 0.076  0.3393833   
 [54,] 0.0765 0.3381327   
 [55,] 0.077  0.3368794   
 [56,] 0.0775 0.3356234   
 [57,] 0.078  0.3343647   
 [58,] 0.0785 0.3331034   
 [59,] 0.079  0.3318393   
 [60,] 0.0795 0.3305725   
 [61,] 0.08   0.329303    
 [62,] 0.0805 0.3280309   
 [63,] 0.081  0.326756    
 [64,] 0.0815 0.3254784   
 [65,] 0.082  0.3241981   
 [66,] 0.0825 0.3229151   
 [67,] 0.083  0.3216293   
 [68,] 0.0835 0.3203408   
 [69,] 0.084  0.3190497   
 [70,] 0.0845 0.3177557   
 [71,] 0.085  0.3164591   
 [72,] 0.0855 0.3151597   
 [73,] 0.086  0.3138576   
 [74,] 0.0865 0.3125527   
 [75,] 0.087  0.3112451   
 [76,] 0.0875 0.3099348   
 [77,] 0.088  0.3086217   
 [78,] 0.0885 0.3073058   
 [79,] 0.089  0.3059872   
 [80,] 0.0895 0.3046659   
 [81,] 0.09   0.3033418   
 [82,] 0.0905 0.3020149   
 [83,] 0.091  0.3006852   
 [84,] 0.0915 0.2993528   
 [85,] 0.092  0.2980176   
 [86,] 0.0925 0.2966796   
 [87,] 0.093  0.2953389   
 [88,] 0.0935 0.2939954   
 [89,] 0.094  0.2926491   
 [90,] 0.0945 0.2913      
 [91,] 0.095  0.2899481   
 [92,] 0.0955 0.2885934   
 [93,] 0.096  0.2872359   
 [94,] 0.0965 0.2858756   
 [95,] 0.097  0.2845125   
 [96,] 0.0975 0.2831466   
 [97,] 0.098  0.2817779   
 [98,] 0.0985 0.2804064   
 [99,] 0.099  0.2790321   
[100,] 0.0995 0.277655    
[101,] 0.1    0.276275    
[102,] 0.1005 0.2748922   
[103,] 0.101  0.2735066   
[104,] 0.1015 0.2721182   
[105,] 0.102  0.2707269   
[106,] 0.1025 0.2693328   
[107,] 0.103  0.2679358   
[108,] 0.1035 0.266536    
[109,] 0.104  0.2651334   
[110,] 0.1045 0.2637279   
[111,] 0.105  0.2623196   
[112,] 0.1055 0.2609084   
[113,] 0.106  0.2594943   
[114,] 0.1065 0.2580774   
[115,] 0.107  0.2566576   
[116,] 0.1075 0.255235    
[117,] 0.108  0.2538095   
[118,] 0.1085 0.2523811   
[119,] 0.109  0.2509499   
[120,] 0.1095 0.2495157   
[121,] 0.11   0.2480787   
[122,] 0.1105 0.2466388   
[123,] 0.111  0.245196    
[124,] 0.1115 0.2437504   
[125,] 0.112  0.2423018   
[126,] 0.1125 0.2408503   
[127,] 0.113  0.239396    
[128,] 0.1135 0.2379387   
[129,] 0.114  0.2364785   
[130,] 0.1145 0.2350154   
[131,] 0.115  0.2335494   
[132,] 0.1155 0.2320805   
[133,] 0.116  0.2306087   
[134,] 0.1165 0.2291339   
[135,] 0.117  0.2276563   
[136,] 0.1175 0.2261757   
[137,] 0.118  0.2246921   
[138,] 0.1185 0.2232057   
[139,] 0.119  0.2217163   
[140,] 0.1195 0.2202239   
[141,] 0.12   0.2187286   
[142,] 0.1205 0.2172304   
[143,] 0.121  0.2157292   
[144,] 0.1215 0.2142251   
[145,] 0.122  0.212718    
[146,] 0.1225 0.211208    
[147,] 0.123  0.209695    
[148,] 0.1235 0.208179    
[149,] 0.124  0.2066601   
[150,] 0.1245 0.2051382   
[151,] 0.125  0.2036133   
[152,] 0.1255 0.2020854   
[153,] 0.126  0.2005546   
[154,] 0.1265 0.1990208   
[155,] 0.127  0.197484    
[156,] 0.1275 0.1959442   
[157,] 0.128  0.1944014   
[158,] 0.1285 0.1928556   
[159,] 0.129  0.1913068   
[160,] 0.1295 0.189755    
[161,] 0.13   0.1882003   
[162,] 0.1305 0.1866425   
[163,] 0.131  0.1850817   
[164,] 0.1315 0.1835179   
[165,] 0.132  0.181951    
[166,] 0.1325 0.1803812   
[167,] 0.133  0.1788083   
[168,] 0.1335 0.1772324   
[169,] 0.134  0.1756535   
[170,] 0.1345 0.1740715   
[171,] 0.135  0.1724865   
[172,] 0.1355 0.1708985   
[173,] 0.136  0.1693074   
[174,] 0.1365 0.1677132   
[175,] 0.137  0.1661161   
[176,] 0.1375 0.1645158   
[177,] 0.138  0.1629126   
[178,] 0.1385 0.1613062   
[179,] 0.139  0.1596968   
[180,] 0.1395 0.1580844   
[181,] 0.14   0.1564688   
[182,] 0.1405 0.1548502   
[183,] 0.141  0.1532286   
[184,] 0.1415 0.1516038   
[185,] 0.142  0.149976    
[186,] 0.1425 0.1483451   
[187,] 0.143  0.1467111   
[188,] 0.1435 0.145074    
[189,] 0.144  0.1434338   
[190,] 0.1445 0.1417906   
[191,] 0.145  0.1401442   
[192,] 0.1455 0.1384947   
[193,] 0.146  0.1368421   
[194,] 0.1465 0.1351865   
[195,] 0.147  0.1335277   
[196,] 0.1475 0.1318657   
[197,] 0.148  0.1302007   
[198,] 0.1485 0.1285326   
[199,] 0.149  0.1268613   
[200,] 0.1495 0.1251869   
[201,] 0.15   0.1235094   
[202,] 0.1505 0.1218287   
[203,] 0.151  0.1201449   
[204,] 0.1515 0.118458    
[205,] 0.152  0.1167679   
[206,] 0.1525 0.1150747   
[207,] 0.153  0.1133783   
[208,] 0.1535 0.1116788   
[209,] 0.154  0.1099761   
[210,] 0.1545 0.1082703   
[211,] 0.155  0.1065613   
[212,] 0.1555 0.1048491   
[213,] 0.156  0.1031338   
[214,] 0.1565 0.1014152   
[215,] 0.157  0.09969356  
[216,] 0.1575 0.09796871  
[217,] 0.158  0.09624067  
[218,] 0.1585 0.09450944  
[219,] 0.159  0.09277503  
[220,] 0.1595 0.09103743  
[221,] 0.16   0.08929664  
[222,] 0.1605 0.08755265  
[223,] 0.161  0.08580546  
[224,] 0.1615 0.08405506  
[225,] 0.162  0.08230146  
[226,] 0.1625 0.08054465  
[227,] 0.163  0.07878463  
[228,] 0.1635 0.07702139  
[229,] 0.164  0.07525493  
[230,] 0.1645 0.07348525  
[231,] 0.165  0.07171235  
[232,] 0.1655 0.06993621  
[233,] 0.166  0.06815684  
[234,] 0.1665 0.06637424  
[235,] 0.167  0.0645884   
[236,] 0.1675 0.06279932  
[237,] 0.168  0.06100699  
[238,] 0.1685 0.05921141  
[239,] 0.169  0.05741259  
[240,] 0.1695 0.0556105   
[241,] 0.17   0.05380517  
[242,] 0.1705 0.05199656  
[243,] 0.171  0.0501847   
[244,] 0.1715 0.04836957  
[245,] 0.172  0.04655116  
[246,] 0.1725 0.04472949  
[247,] 0.173  0.04290453  
[248,] 0.1735 0.0410763   
[249,] 0.174  0.03924478  
[250,] 0.1745 0.03740997  
[251,] 0.175  0.03557188  
[252,] 0.1755 0.03373049  
[253,] 0.176  0.0318858   
[254,] 0.1765 0.03003781  
[255,] 0.177  0.02818652  
[256,] 0.1775 0.02633193  
[257,] 0.178  0.02447402  
[258,] 0.1785 0.0226128   
[259,] 0.179  0.02074827  
[260,] 0.1795 0.01888042  
[261,] 0.18   0.01700924  
[262,] 0.1805 0.01513474  
[263,] 0.181  0.01325691  
[264,] 0.1815 0.01137574  
[265,] 0.182  0.009491242 
[266,] 0.1825 0.007603403 
[267,] 0.183  0.005712222 
[268,] 0.1835 0.003817695 
[269,] 0.184  0.001919819 
[270,] 0.1845 1.859168e-05
[271,] 0.185  -0.001885991
[272,] 0.1855 -0.003793933
[273,] 0.186  -0.005705236
[274,] 0.1865 -0.007619905
[275,] 0.187  -0.009537942
[276,] 0.1875 -0.01145935 
[277,] 0.188  -0.01338413 
[278,] 0.1885 -0.0153123  
[279,] 0.189  -0.01724384 
[280,] 0.1895 -0.01917877 
[281,] 0.19   -0.02111708 
[282,] 0.1905 -0.02305879 
[283,] 0.191  -0.0250039  
[284,] 0.1915 -0.0269524  
[285,] 0.192  -0.0289043  
[286,] 0.1925 -0.03085961 
[287,] 0.193  -0.03281832 
[288,] 0.1935 -0.03478045 
[289,] 0.194  -0.03674599 
[290,] 0.1945 -0.03871494 
[291,] 0.195  -0.04068732 
[292,] 0.1955 -0.04266313 
[293,] 0.196  -0.04464236 
[294,] 0.1965 -0.04662502 
[295,] 0.197  -0.04861112 
[296,] 0.1975 -0.05060065 
[297,] 0.198  -0.05259362 
[298,] 0.1985 -0.05459004 
[299,] 0.199  -0.05658991 
[300,] 0.1995 -0.05859323 
[301,] 0.2    -0.0606     
> 
> 
> curve(getYInCurve, 0.05, 0.20,main="Fitting for equation", xlab="x", ylab="Discrepancy") 
> 
> proc.time()
   user  system elapsed 
  0.176   0.004   0.233 
